[debug] [2022-12-31T10:00:58.015Z] ----------------------------------------------------------------------
[debug] [2022-12-31T10:00:58.016Z] Command:       E:\NodeJs\node.exe C:\Users\Jugram\AppData\Roaming\npm\node_modules\firebase-tools\lib\bin\firebase.js init hosting
[debug] [2022-12-31T10:00:58.017Z] CLI Version:   11.19.0
[debug] [2022-12-31T10:00:58.017Z] Platform:      win32
[debug] [2022-12-31T10:00:58.017Z] Node Version:  v18.12.0
[debug] [2022-12-31T10:00:58.017Z] Time:          Sat Dec 31 2022 15:30:58 GMT+0530 (India Standard Time)
[debug] [2022-12-31T10:00:58.018Z] ----------------------------------------------------------------------
[debug] 
[debug] [2022-12-31T10:00:58.025Z] > command requires scopes: ["email","openid","https://www.googleapis.com/auth/cloudplatformprojects.readonly","https://www.googleapis.com/auth/firebase","https://www.googleapis.com/auth/cloud-platform"]
[debug] [2022-12-31T10:00:58.026Z] > authorizing via signed-in user (rahulchhikara2001@gmail.com)
[info] 
     ######## #### ########  ######## ########     ###     ######  ########
     ##        ##  ##     ## ##       ##     ##  ##   ##  ##       ##
     ######    ##  ########  ######   ########  #########  ######  ######
     ##        ##  ##    ##  ##       ##     ## ##     ##       ## ##
     ##       #### ##     ## ######## ########  ##     ##  ######  ########

You're about to initialize a Firebase project in this directory:

  E:\codes\MERN\Memories\server

[info] 
=== Project Setup
[info] 
[info] First, let's associate this project directory with a Firebase project.
[info] You can create multiple project aliases by running firebase use --add, 
[info] but for now we'll just set up a default project.
[info] 
[debug] [2022-12-31T10:01:10.356Z] >>> [apiv2][query] GET https://firebase.googleapis.com/v1beta1/projects pageSize=100
[debug] [2022-12-31T10:01:11.197Z] <<< [apiv2][status] GET https://firebase.googleapis.com/v1beta1/projects 200
[debug] [2022-12-31T10:01:11.198Z] <<< [apiv2][body] GET https://firebase.googleapis.com/v1beta1/projects [omitted]
[info] i  Using project memories-api-8141e (memories-API) 
[info] 
=== Hosting Setup
[info] 
[info] Your public directory is the folder (relative to your project directory) that
[info] will contain Hosting assets to be uploaded with firebase deploy. If you
[info] have a build process for your assets, use your build's output directory.
[info] 
[info] +  Wrote server/404.html 
[debug] [2022-12-31T10:02:07.535Z] >>> [apiv2][query] GET https://www.gstatic.com/firebasejs/releases.json [none]
[debug] [2022-12-31T10:02:07.888Z] <<< [apiv2][status] GET https://www.gstatic.com/firebasejs/releases.json 200
[debug] [2022-12-31T10:02:07.889Z] <<< [apiv2][body] GET https://www.gstatic.com/firebasejs/releases.json {"current":{"version":"9.15.0","browserURL":"https://www.gstatic.com/firebasejs/9.15.0/firebase.js","packageURL":"https://www.gstatic.com/firebasejs/9.15.0/firebase.tgz"},"live":{"version":"9.15","browserURL":"https://www.gstatic.com/firebasejs/live/9.15/firebase.js","packageURL":"https://www.gstatic.com/firebasejs/live/9.15/firebase.tgz"},"components":{"analytics":"https://www.gstatic.com/firebasejs/9.15.0/firebase-analytics.js","app":"https://www.gstatic.com/firebasejs/9.15.0/firebase-app.js","app-check":"https://www.gstatic.com/firebasejs/9.15.0/firebase-app-check.js","auth":"https://www.gstatic.com/firebasejs/9.15.0/firebase-auth.js","auth/cordova":"https://www.gstatic.com/firebasejs/9.15.0/firebase-auth/cordova.js","auth/react-native":"https://www.gstatic.com/firebasejs/9.15.0/firebase-auth/react-native.js","functions":"https://www.gstatic.com/firebasejs/9.15.0/firebase-functions.js","firestore":"https://www.gstatic.com/firebasejs/9.15.0/firebase-firestore.js","firestore/lite":"https://www.gstatic.com/firebasejs/9.15.0/firebase-firestore/lite.js","installations":"https://www.gstatic.com/firebasejs/9.15.0/firebase-installations.js","storage":"https://www.gstatic.com/firebasejs/9.15.0/firebase-storage.js","performance":"https://www.gstatic.com/firebasejs/9.15.0/firebase-performance.js","remote-config":"https://www.gstatic.com/firebasejs/9.15.0/firebase-remote-config.js","messaging":"https://www.gstatic.com/firebasejs/9.15.0/firebase-messaging.js","messaging/sw":"https://www.gstatic.com/firebasejs/9.15.0/firebase-messaging/sw.js","database":"https://www.gstatic.com/firebasejs/9.15.0/firebase-database.js","firestore.memory":"https://www.gstatic.com/firebasejs/9.15.0/firebase-firestore.memory.js"}}
[info] +  Wrote server/index.html 
[info] 
[info] i  Didn't detect a .git folder. Assuming E:\codes\MERN\Memories\server is the project root. 
[info] i  Authorizing with GitHub to upload your service account to a GitHub repository's secrets store. 
[info] 
[info] Visit this URL on this device to log in:
[info] https://github.com/login/oauth/authorize?client_id=89cf50f02ac6aaed3484&state=527545568&redirect_uri=http%3A%2F%2Flocalhost%3A9005&scope=read%3Auser%20repo%20public_repo
[info] 
[info] Waiting for authentication...
[debug] [2022-12-31T10:02:13.192Z] >>> [apiv2][query] POST https://github.com/login/oauth/access_token [none]
[debug] [2022-12-31T10:02:13.192Z] >>> [apiv2][body] POST https://github.com/login/oauth/access_token [stream]
[debug] [2022-12-31T10:02:13.620Z] <<< [apiv2][status] POST https://github.com/login/oauth/access_token 200
[debug] [2022-12-31T10:02:13.620Z] <<< [apiv2][body] POST https://github.com/login/oauth/access_token {"access_token":"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","token_type":"bearer","scope":"read:user,repo"}
[debug] [2022-12-31T10:02:13.640Z] >>> [apiv2][query] GET https://api.github.com/user [none]
[debug] [2022-12-31T10:02:14.079Z] <<< [apiv2][status] GET https://api.github.com/user 200
[debug] [2022-12-31T10:02:14.079Z] <<< [apiv2][body] GET https://api.github.com/user {"login":"rahulxo19","id":58513062,"node_id":"MDQ6VXNlcjU4NTEzMDYy","avatar_url":"https://avatars.githubusercontent.com/u/58513062?v=4","gravatar_id":"","url":"https://api.github.com/users/rahulxo19","html_url":"https://github.com/rahulxo19","followers_url":"https://api.github.com/users/rahulxo19/followers","following_url":"https://api.github.com/users/rahulxo19/following{/other_user}","gists_url":"https://api.github.com/users/rahulxo19/gists{/gist_id}","starred_url":"https://api.github.com/users/rahulxo19/starred{/owner}{/repo}","subscriptions_url":"https://api.github.com/users/rahulxo19/subscriptions","organizations_url":"https://api.github.com/users/rahulxo19/orgs","repos_url":"https://api.github.com/users/rahulxo19/repos","events_url":"https://api.github.com/users/rahulxo19/events{/privacy}","received_events_url":"https://api.github.com/users/rahulxo19/received_events","type":"User","site_admin":false,"name":null,"company":null,"blog":"","location":null,"email":null,"hireable":null,"bio":null,"twitter_username":null,"public_repos":0,"public_gists":0,"followers":0,"following":0,"created_at":"2019-12-04T11:24:01Z","updated_at":"2022-12-31T08:43:37Z","private_gists":0,"total_private_repos":0,"owned_private_repos":0,"disk_usage":0,"collaborators":0,"two_factor_authentication":false,"plan":{"name":"free","space":976562499,"collaborators":0,"private_repos":10000}}
[info] 
[info] +  Success! Logged into GitHub as rahulxo19 
[info] 
[debug] [2022-12-31T10:02:29.819Z] >>> [apiv2][query] GET https://api.github.com/repos//actions/secrets/public-key type=owner
[debug] [2022-12-31T10:02:30.188Z] <<< [apiv2][status] GET https://api.github.com/repos//actions/secrets/public-key 404
[debug] [2022-12-31T10:02:30.189Z] <<< [apiv2][body] GET https://api.github.com/repos//actions/secrets/public-key {"message":"Not Found","documentation_url":"https://docs.github.com/rest"}
[debug] [2022-12-31T10:02:30.291Z] >>> [apiv2][query] GET https://api.github.com/repos//actions/secrets/public-key type=owner
[debug] [2022-12-31T10:02:30.640Z] <<< [apiv2][status] GET https://api.github.com/repos//actions/secrets/public-key 404
[debug] [2022-12-31T10:02:30.640Z] <<< [apiv2][body] GET https://api.github.com/repos//actions/secrets/public-key {"message":"Not Found","documentation_url":"https://docs.github.com/rest"}
[debug] [2022-12-31T10:02:31.281Z] >>> [apiv2][query] GET https://api.github.com/repos//actions/secrets/public-key type=owner
[debug] [2022-12-31T10:02:31.718Z] <<< [apiv2][status] GET https://api.github.com/repos//actions/secrets/public-key 404
[debug] [2022-12-31T10:02:31.718Z] <<< [apiv2][body] GET https://api.github.com/repos//actions/secrets/public-key {"message":"Not Found","documentation_url":"https://docs.github.com/rest"}
